<?xml version="1.0" encoding="UTF-8"?>
<!-- Generated by org.testng.reporters.JUnitReportReporter -->
<testsuite hostname="TYC1221031" failures="0" tests="1" name="Demo.TestScript1Test" time="0.007" errors="0" timestamp="2024-10-23T13:13:04 IST" skipped="0">
  <testcase classname="Demo.TestScript1Test" name="m1" time="0.007"/>
</testsuite> <!-- Demo.TestScript1Test -->
